platforms/android/build/outputs/logs/manifest-merger-debug-report.txt
-- Merging decision tree log ---
manifest
ADDED from platforms/android/AndroidManifest.xml:2:1-60:12
	package
		ADDED from platforms/android/AndroidManifest.xml:2:98-133
		INJECTED from platforms/android/AndroidManifest.xml
		INJECTED from platforms/android/AndroidManifest.xml
	android:versionName
		ADDED from platforms/android/AndroidManifest.xml:2:70-97
		INJECTED from platforms/android/AndroidManifest.xml
		INJECTED from platforms/android/AndroidManifest.xml
	android:hardwareAccelerated
		ADDED from platforms/android/AndroidManifest.xml:2:11-45
	android:versionCode
		ADDED from platforms/android/AndroidManifest.xml:2:46-69
		INJECTED from platforms/android/AndroidManifest.xml
		INJECTED from platforms/android/AndroidManifest.xml
	xmlns:android
		ADDED from platforms/android/AndroidManifest.xml:2:134-192
supports-screens
ADDED from platforms/android/AndroidManifest.xml:3:5-191
	android:largeScreens
		ADDED from platforms/android/AndroidManifest.xml:3:49-76
	android:smallScreens
		ADDED from platforms/android/AndroidManifest.xml:3:132-159
	android:normalScreens
		ADDED from platforms/android/AndroidManifest.xml:3:77-105
	android:xlargeScreens
		ADDED from platforms/android/AndroidManifest.xml:3:160-188
	android:resizeable
		ADDED from platforms/android/AndroidManifest.xml:3:106-131
	android:anyDensity
		ADDED from platforms/android/AndroidManifest.xml:3:23-48
uses-permission#android.permission.INTERNET
ADDED from platforms/android/AndroidManifest.xml:4:5-67
MERGED from [com.google.android.gms:play-services-maps:15.0.1] AndroidManifest.xml:24:5-67
	android:name
		ADDED from platforms/android/AndroidManifest.xml:4:22-64
application
ADDED from platforms/android/AndroidManifest.xml:5:5-50:19
MERGED from [com.google.android.gms:play-services-maps:15.0.1] AndroidManifest.xml:30:5-20
MERGED from [com.google.android.gms:play-services-location:15.0.1] AndroidManifest.xml:7:5-20
MERGED from [com.google.android.gms:play-services-base:15.0.1] AndroidManifest.xml:22:5-27:19
MERGED from [com.google.android.gms:play-services-places-placereport:15.0.1] AndroidManifest.xml:22:5-20
MERGED from [com.google.android.gms:play-services-tasks:15.0.1] AndroidManifest.xml:7:5-20
MERGED from [com.google.android.gms:play-services-basement:15.0.1] AndroidManifest.xml:22:5-26:19
MERGED from [com.android.support:appcompat-v7:26.1.0] AndroidManifest.xml:25:5-29:19
MERGED from [com.android.support:support-v4:26.1.0] AndroidManifest.xml:25:5-29:19
MERGED from [com.android.support:support-media-compat:26.1.0] AndroidManifest.xml:25:5-29:19
MERGED from [com.android.support:support-fragment:26.1.0] AndroidManifest.xml:25:5-29:19
MERGED from [com.android.support:support-core-utils:26.1.0] AndroidManifest.xml:25:5-29:19
MERGED from [com.android.support:animated-vector-drawable:26.1.0] AndroidManifest.xml:22:5-26:19
MERGED from [com.android.support:support-vector-drawable:26.1.0] AndroidManifest.xml:22:5-26:19
MERGED from [com.android.support:support-core-ui:26.1.0] AndroidManifest.xml:25:5-29:19
MERGED from [com.android.support:support-compat:26.1.0] AndroidManifest.xml:25:5-29:19
MERGED from [android.arch.lifecycle:runtime:1.0.0] AndroidManifest.xml:24:5-28:19
	android:label
		ADDED from platforms/android/AndroidManifest.xml:5:81-113
	android:supportsRtl
		ADDED from platforms/android/AndroidManifest.xml:5:114-140
	android:hardwareAccelerated
		ADDED from platforms/android/AndroidManifest.xml:5:18-52
	android:icon
		ADDED from platforms/android/AndroidManifest.xml:5:53-80
activity#com.f2rhero.studio.sholah.MainActivity
ADDED from platforms/android/AndroidManifest.xml:6:9-11:20
	android:label
		ADDED from platforms/android/AndroidManifest.xml:6:97-134
	android:launchMode
		ADDED from platforms/android/AndroidManifest.xml:6:135-165
	android:windowSoftInputMode
		ADDED from platforms/android/AndroidManifest.xml:6:257-299
	android:configChanges
		ADDED from platforms/android/AndroidManifest.xml:6:19-96
	android:theme
		ADDED from platforms/android/AndroidManifest.xml:6:194-256
	android:name
		ADDED from platforms/android/AndroidManifest.xml:6:166-193
intent-filter#android.intent.action.MAIN+android.intent.category.LAUNCHER
ADDED from platforms/android/AndroidManifest.xml:7:13-10:29
	android:label
		ADDED from platforms/android/AndroidManifest.xml:7:28-65
action#android.intent.action.MAIN
ADDED from platforms/android/AndroidManifest.xml:8:17-69
	android:name
		ADDED from platforms/android/AndroidManifest.xml:8:25-66
category#android.intent.category.LAUNCHER
ADDED from platforms/android/AndroidManifest.xml:9:17-77
	android:name
		ADDED from platforms/android/AndroidManifest.xml:9:27-74
receiver#com.tonikorin.cordova.plugin.autostart.BootCompletedReceiver
ADDED from platforms/android/AndroidManifest.xml:12:9-16:20
	android:enabled
		ADDED from platforms/android/AndroidManifest.xml:12:19-42
	android:name
		ADDED from platforms/android/AndroidManifest.xml:12:43-118
intent-filter#android.intent.action.BOOT_COMPLETED
ADDED from platforms/android/AndroidManifest.xml:13:13-15:29
action#android.intent.action.BOOT_COMPLETED
ADDED from platforms/android/AndroidManifest.xml:14:17-79
	android:name
		ADDED from platforms/android/AndroidManifest.xml:14:25-76
receiver#com.tonikorin.cordova.plugin.autostart.UserPresentReceiver
ADDED from platforms/android/AndroidManifest.xml:17:9-21:20
	android:enabled
		ADDED from platforms/android/AndroidManifest.xml:17:19-42
	android:name
		ADDED from platforms/android/AndroidManifest.xml:17:43-116
intent-filter#android.intent.action.USER_PRESENT
ADDED from platforms/android/AndroidManifest.xml:18:13-20:29
action#android.intent.action.USER_PRESENT
ADDED from platforms/android/AndroidManifest.xml:19:17-77
	android:name
		ADDED from platforms/android/AndroidManifest.xml:19:25-74
receiver#com.tonikorin.cordova.plugin.autostart.PackageReplacedReceiver
ADDED from platforms/android/AndroidManifest.xml:22:9-26:20
	android:enabled
		ADDED from platforms/android/AndroidManifest.xml:22:19-41
	android:name
		ADDED from platforms/android/AndroidManifest.xml:22:42-119
intent-filter#android.intent.action.MY_PACKAGE_REPLACED
ADDED from platforms/android/AndroidManifest.xml:23:13-25:29
action#android.intent.action.MY_PACKAGE_REPLACED
ADDED from platforms/android/AndroidManifest.xml:24:17-84
	android:name
		ADDED from platforms/android/AndroidManifest.xml:24:25-81
meta-data#com.google.android.geo.API_KEY
ADDED from platforms/android/AndroidManifest.xml:27:9-124
	android:value
		ADDED from platforms/android/AndroidManifest.xml:27:66-121
	android:name
		ADDED from platforms/android/AndroidManifest.xml:27:20-65
meta-data#com.google.android.gms.version
ADDED from platforms/android/AndroidManifest.xml:28:9-122
MERGED from [com.google.android.gms:play-services-basement:15.0.1] AndroidManifest.xml:23:9-25:69
	android:value
		ADDED from platforms/android/AndroidManifest.xml:28:66-119
	android:name
		ADDED from platforms/android/AndroidManifest.xml:28:20-65
receiver#cordova.plugins.Diagnostic$LocationProviderChangedReceiver
ADDED from platforms/android/AndroidManifest.xml:29:9-33:20
	android:name
		ADDED from platforms/android/AndroidManifest.xml:29:19-92
intent-filter#android.location.PROVIDERS_CHANGED
ADDED from platforms/android/AndroidManifest.xml:30:13-32:29
action#android.location.PROVIDERS_CHANGED
ADDED from platforms/android/AndroidManifest.xml:31:17-77
	android:name
		ADDED from platforms/android/AndroidManifest.xml:31:25-74
receiver#cordova.plugins.Diagnostic$NFCStateChangedReceiver
ADDED from platforms/android/AndroidManifest.xml:34:9-38:20
	android:name
		ADDED from platforms/android/AndroidManifest.xml:34:19-84
intent-filter#android.nfc.action.ADAPTER_STATE_CHANGED
ADDED from platforms/android/AndroidManifest.xml:35:13-37:29
action#android.nfc.action.ADAPTER_STATE_CHANGED
ADDED from platforms/android/AndroidManifest.xml:36:17-83
	android:name
		ADDED from platforms/android/AndroidManifest.xml:36:25-80
receiver#de.appplant.cordova.plugin.localnotification.TriggerReceiver
ADDED from platforms/android/AndroidManifest.xml:39:9-122
	android:exported
		ADDED from platforms/android/AndroidManifest.xml:39:19-43
	android:name
		ADDED from platforms/android/AndroidManifest.xml:39:44-119
receiver#de.appplant.cordova.plugin.localnotification.ClearReceiver
ADDED from platforms/android/AndroidManifest.xml:40:9-120
	android:exported
		ADDED from platforms/android/AndroidManifest.xml:40:19-43
	android:name
		ADDED from platforms/android/AndroidManifest.xml:40:44-117
activity#de.appplant.cordova.plugin.localnotification.ClickActivity
ADDED from platforms/android/AndroidManifest.xml:41:9-203
	android:launchMode
		ADDED from platforms/android/AndroidManifest.xml:41:44-79
	android:exported
		ADDED from platforms/android/AndroidManifest.xml:41:19-43
	android:theme
		ADDED from platforms/android/AndroidManifest.xml:41:154-200
	android:name
		ADDED from platforms/android/AndroidManifest.xml:41:80-153
receiver#de.appplant.cordova.plugin.notification.TriggerReceiver
ADDED from platforms/android/AndroidManifest.xml:42:9-117
	android:exported
		ADDED from platforms/android/AndroidManifest.xml:42:19-43
	android:name
		ADDED from platforms/android/AndroidManifest.xml:42:44-114
receiver#de.appplant.cordova.plugin.notification.ClearReceiver
ADDED from platforms/android/AndroidManifest.xml:43:9-115
	android:exported
		ADDED from platforms/android/AndroidManifest.xml:43:19-43
	android:name
		ADDED from platforms/android/AndroidManifest.xml:43:44-112
receiver#de.appplant.cordova.plugin.localnotification.RestoreReceiver
ADDED from platforms/android/AndroidManifest.xml:44:9-48:20
	android:exported
		ADDED from platforms/android/AndroidManifest.xml:44:19-43
	android:name
		ADDED from platforms/android/AndroidManifest.xml:44:44-119
activity#de.appplant.cordova.plugin.notification.ClickActivity
ADDED from platforms/android/AndroidManifest.xml:49:9-198
	android:launchMode
		ADDED from platforms/android/AndroidManifest.xml:49:44-79
	android:exported
		ADDED from platforms/android/AndroidManifest.xml:49:19-43
	android:theme
		ADDED from platforms/android/AndroidManifest.xml:49:149-195
	android:name
		ADDED from platforms/android/AndroidManifest.xml:49:80-148
uses-sdk
ADDED from platforms/android/AndroidManifest.xml:51:5-74
MERGED from [com.google.android.gms:play-services-maps:15.0.1] AndroidManifest.xml:20:5-44
MERGED from [com.google.android.gms:play-services-location:15.0.1] AndroidManifest.xml:5:5-44
MERGED from [com.google.android.gms:play-services-base:15.0.1] AndroidManifest.xml:20:5-44
MERGED from [com.google.android.gms:play-services-places-placereport:15.0.1] AndroidManifest.xml:20:5-44
MERGED from [com.google.android.gms:play-services-tasks:15.0.1] AndroidManifest.xml:5:5-44
MERGED from [com.google.android.gms:play-services-basement:15.0.1] AndroidManifest.xml:20:5-44
MERGED from [com.android.support:appcompat-v7:26.1.0] AndroidManifest.xml:21:5-23:78
MERGED from [com.android.support:support-v4:26.1.0] AndroidManifest.xml:21:5-23:54
MERGED from [com.android.support:support-media-compat:26.1.0] AndroidManifest.xml:21:5-23:63
MERGED from [com.android.support:support-fragment:26.1.0] AndroidManifest.xml:21:5-23:60
MERGED from [com.android.support:support-core-utils:26.1.0] AndroidManifest.xml:21:5-23:61
MERGED from [com.android.support:animated-vector-drawable:26.1.0] AndroidManifest.xml:20:5-44
MERGED from [com.android.support:support-vector-drawable:26.1.0] AndroidManifest.xml:20:5-44
MERGED from [com.android.support:support-core-ui:26.1.0] AndroidManifest.xml:21:5-23:58
MERGED from [com.android.support:support-compat:26.1.0] AndroidManifest.xml:21:5-23:58
MERGED from [android.arch.lifecycle:runtime:1.0.0] AndroidManifest.xml:20:5-22:41
MERGED from [org.apache.cordova:CordovaLib:6.3.0:debug] AndroidManifest.xml:25:5-44
	tools:overrideLibrary
		ADDED from [com.android.support:appcompat-v7:26.1.0] AndroidManifest.xml:23:9-75
	android:targetSdkVersion
		ADDED from platforms/android/AndroidManifest.xml:51:42-71
	android:minSdkVersion
		ADDED from platforms/android/AndroidManifest.xml:51:15-41
uses-permission#android.permission.RECEIVE_BOOT_COMPLETED
ADDED from platforms/android/AndroidManifest.xml:52:5-81
	android:name
		ADDED from platforms/android/AndroidManifest.xml:52:22-78
uses-permission#android.permission.ACCESS_COARSE_LOCATION
ADDED from platforms/android/AndroidManifest.xml:53:5-81
	android:name
		ADDED from platforms/android/AndroidManifest.xml:53:22-78
uses-permission#android.permission.ACCESS_FINE_LOCATION
ADDED from platforms/android/AndroidManifest.xml:54:5-79
	android:name
		ADDED from platforms/android/AndroidManifest.xml:54:22-76
uses-feature#android.hardware.location.gps
ADDED from platforms/android/AndroidManifest.xml:55:5-66
	android:name
		ADDED from platforms/android/AndroidManifest.xml:55:19-63
uses-permission#android.permission.ACCESS_NETWORK_STATE
ADDED from platforms/android/AndroidManifest.xml:56:5-79
MERGED from [com.google.android.gms:play-services-maps:15.0.1] AndroidManifest.xml:23:5-79
	android:name
		ADDED from platforms/android/AndroidManifest.xml:56:22-76
uses-feature#0x00020000
ADDED from platforms/android/AndroidManifest.xml:57:5-78
MERGED from [com.google.android.gms:play-services-maps:15.0.1] AndroidManifest.xml:26:5-28:35
	android:glEsVersion
		ADDED from platforms/android/AndroidManifest.xml:57:19-51
	android:required
		ADDED from platforms/android/AndroidManifest.xml:57:52-75
uses-feature#android.hardware.location
ADDED from platforms/android/AndroidManifest.xml:58:5-62
	android:name
		ADDED from platforms/android/AndroidManifest.xml:58:19-59
uses-permission#android.permission.WRITE_EXTERNAL_STORAGE
ADDED from platforms/android/AndroidManifest.xml:59:5-81
	android:name
		ADDED from platforms/android/AndroidManifest.xml:59:22-78
activity#com.google.android.gms.common.api.GoogleApiActivity
ADDED from [com.google.android.gms:play-services-base:15.0.1] AndroidManifest.xml:23:9-26:75
	android:exported
		ADDED from [com.google.android.gms:play-services-base:15.0.1] AndroidManifest.xml:25:13-37
	android:theme
		ADDED from [com.google.android.gms:play-services-base:15.0.1] AndroidManifest.xml:26:13-72
	android:name
		ADDED from [com.google.android.gms:play-services-base:15.0.1] AndroidManifest.xml:24:13-79
meta-data#android.support.VERSION
ADDED from [com.android.support:appcompat-v7:26.1.0] AndroidManifest.xml:26:9-28:38
MERGED from [com.android.support:support-v4:26.1.0] AndroidManifest.xml:26:9-28:38
MERGED from [com.android.support:support-media-compat:26.1.0] AndroidManifest.xml:26:9-28:38
MERGED from [com.android.support:support-fragment:26.1.0] AndroidManifest.xml:26:9-28:38
MERGED from [com.android.support:support-core-utils:26.1.0] AndroidManifest.xml:26:9-28:38
MERGED from [com.android.support:animated-vector-drawable:26.1.0] AndroidManifest.xml:23:9-25:38
MERGED from [com.android.support:support-vector-drawable:26.1.0] AndroidManifest.xml:23:9-25:38
MERGED from [com.android.support:support-core-ui:26.1.0] AndroidManifest.xml:26:9-28:38
MERGED from [com.android.support:support-compat:26.1.0] AndroidManifest.xml:26:9-28:38
	android:value
		ADDED from [com.android.support:appcompat-v7:26.1.0] AndroidManifest.xml:28:13-35
	android:name
		ADDED from [com.android.support:appcompat-v7:26.1.0] AndroidManifest.xml:27:13-51
meta-data#android.arch.lifecycle.VERSION
ADDED from [android.arch.lifecycle:runtime:1.0.0] AndroidManifest.xml:25:9-27:47
	android:value
		ADDED from [android.arch.lifecycle:runtime:1.0.0] AndroidManifest.xml:27:13-44
	android:name
		ADDED from [android.arch.lifecycle:runtime:1.0.0] AndroidManifest.xml:26:13-58